2025-11-04 12:46:08,334 - INFO - 
   📋 학사일정 - 모든 페이지 리스트 크롤링 시작
2025-11-04 12:46:08,334 - INFO - 
📋 학사일정 리스트 크롤링: https://www.kumoh.ac.kr/ko/schedule_reg.do
2025-11-04 12:46:08,652 - INFO -    페이지 1: 10개 일정 발견
2025-11-04 12:46:08,956 - INFO -    ✅ 저장 완료: 366ead16c7174509.json
2025-11-04 12:46:08,956 - INFO -       일정 개수: 10
2025-11-04 12:46:08,956 - INFO -       본문 길이: 571 문자
2025-11-04 12:46:10,282 - INFO -    페이지 2: 10개 일정 발견
2025-11-04 12:46:10,577 - INFO -    ✅ 저장 완료: 9f5fb4975d9cc3a5.json
2025-11-04 12:46:10,577 - INFO -       일정 개수: 10
2025-11-04 12:46:10,577 - INFO -       본문 길이: 554 문자
2025-11-04 12:46:11,955 - INFO -    페이지 3: 10개 일정 발견
2025-11-04 12:46:12,256 - INFO -    ✅ 저장 완료: 215972ba50a8474a.json
2025-11-04 12:46:12,256 - INFO -       일정 개수: 10
2025-11-04 12:46:12,256 - INFO -       본문 길이: 542 문자
2025-11-04 12:46:13,591 - INFO -    페이지 4: 10개 일정 발견
2025-11-04 12:46:13,897 - INFO -    ✅ 저장 완료: 21b293d43e3693b8.json
2025-11-04 12:46:13,897 - INFO -       일정 개수: 10
2025-11-04 12:46:13,897 - INFO -       본문 길이: 622 문자
2025-11-04 12:46:15,254 - INFO -    페이지 5: 10개 일정 발견
2025-11-04 12:46:15,585 - INFO -    ✅ 저장 완료: e9450760cfff97aa.json
2025-11-04 12:46:15,585 - INFO -       일정 개수: 10
2025-11-04 12:46:15,585 - INFO -       본문 길이: 578 문자
2025-11-04 12:46:16,917 - INFO -    페이지 6: 10개 일정 발견
2025-11-04 12:46:17,237 - INFO -    ✅ 저장 완료: f3a225e352fbb4f8.json
2025-11-04 12:46:17,237 - INFO -       일정 개수: 10
2025-11-04 12:46:17,237 - INFO -       본문 길이: 569 문자
2025-11-04 12:46:18,600 - INFO -    페이지 7: 10개 일정 발견
2025-11-04 12:46:18,910 - INFO -    ✅ 저장 완료: f384e202423ef13f.json
2025-11-04 12:46:18,910 - INFO -       일정 개수: 10
2025-11-04 12:46:18,910 - INFO -       본문 길이: 523 문자
2025-11-04 12:46:20,269 - INFO -    페이지 8: 10개 일정 발견
2025-11-04 12:46:20,670 - INFO -    ✅ 저장 완료: cc27e4c889d7e4de.json
2025-11-04 12:46:20,670 - INFO -       일정 개수: 10
2025-11-04 12:46:20,670 - INFO -       본문 길이: 559 문자
2025-11-04 12:46:22,101 - INFO -    페이지 9: 10개 일정 발견
2025-11-04 12:46:22,487 - INFO -    ✅ 저장 완료: d3c753bef779e4f7.json
2025-11-04 12:46:22,487 - INFO -       일정 개수: 10
2025-11-04 12:46:22,487 - INFO -       본문 길이: 574 문자
2025-11-04 12:46:23,899 - INFO -    페이지 10: 10개 일정 발견
2025-11-04 12:46:24,199 - INFO -    ✅ 저장 완료: f86225784c8c4249.json
2025-11-04 12:46:24,199 - INFO -       일정 개수: 10
2025-11-04 12:46:24,199 - INFO -       본문 길이: 572 문자
2025-11-04 12:46:25,550 - INFO -    페이지 11: 10개 일정 발견
2025-11-04 12:46:25,870 - INFO -    ✅ 저장 완료: a38437b192381668.json
2025-11-04 12:46:25,870 - INFO -       일정 개수: 10
2025-11-04 12:46:25,870 - INFO -       본문 길이: 634 문자
2025-11-04 12:46:27,217 - INFO -    페이지 12: 10개 일정 발견
2025-11-04 12:46:27,527 - INFO -    ✅ 저장 완료: a58c60c906648cc4.json
2025-11-04 12:46:27,527 - INFO -       일정 개수: 10
2025-11-04 12:46:27,527 - INFO -       본문 길이: 508 문자
2025-11-04 12:46:28,848 - INFO -    페이지 13: 10개 일정 발견
2025-11-04 12:46:29,156 - INFO -    ✅ 저장 완료: 4f05f1fd2a0857cd.json
2025-11-04 12:46:29,157 - INFO -       일정 개수: 10
2025-11-04 12:46:29,157 - INFO -       본문 길이: 572 문자
2025-11-04 12:46:30,547 - INFO -    페이지 14: 10개 일정 발견
2025-11-04 12:46:31,040 - INFO -    ✅ 저장 완료: 7c51f28ca157e7ad.json
2025-11-04 12:46:31,040 - INFO -       일정 개수: 10
2025-11-04 12:46:31,040 - INFO -       본문 길이: 547 문자
2025-11-04 12:46:32,417 - INFO -    페이지 15: 10개 일정 발견
2025-11-04 12:46:32,785 - INFO -    ✅ 저장 완료: 983dde9055983619.json
2025-11-04 12:46:32,785 - INFO -       일정 개수: 10
2025-11-04 12:46:32,785 - INFO -       본문 길이: 567 문자
2025-11-04 12:46:34,142 - INFO -    페이지 16: 10개 일정 발견
2025-11-04 12:46:34,422 - INFO -    ✅ 저장 완료: 0b989a5e1d0ec96e.json
2025-11-04 12:46:34,422 - INFO -       일정 개수: 10
2025-11-04 12:46:34,422 - INFO -       본문 길이: 574 문자
2025-11-04 12:46:35,821 - INFO -    페이지 17: 10개 일정 발견
2025-11-04 12:46:36,118 - INFO -    ✅ 저장 완료: 3ad769166219a654.json
2025-11-04 12:46:36,118 - INFO -       일정 개수: 10
2025-11-04 12:46:36,118 - INFO -       본문 길이: 525 문자
2025-11-04 12:46:37,437 - INFO -    페이지 18: 10개 일정 발견
2025-11-04 12:46:37,746 - INFO -    ✅ 저장 완료: b848828c044e9f09.json
2025-11-04 12:46:37,746 - INFO -       일정 개수: 10
2025-11-04 12:46:37,746 - INFO -       본문 길이: 542 문자
2025-11-04 12:46:39,086 - INFO -    페이지 19: 10개 일정 발견
2025-11-04 12:46:39,389 - INFO -    ✅ 저장 완료: dd81e38b0124f56b.json
2025-11-04 12:46:39,389 - INFO -       일정 개수: 10
2025-11-04 12:46:39,389 - INFO -       본문 길이: 568 문자
2025-11-04 12:46:40,736 - INFO -    페이지 20: 10개 일정 발견
2025-11-04 12:46:41,047 - INFO -    ✅ 저장 완료: 2c84fb8586040411.json
2025-11-04 12:46:41,047 - INFO -       일정 개수: 10
2025-11-04 12:46:41,047 - INFO -       본문 길이: 560 문자
2025-11-04 12:46:42,421 - INFO -    페이지 21: 10개 일정 발견
2025-11-04 12:46:42,733 - INFO -    ✅ 저장 완료: f55f9121764dbf66.json
2025-11-04 12:46:42,733 - INFO -       일정 개수: 10
2025-11-04 12:46:42,733 - INFO -       본문 길이: 573 문자
2025-11-04 12:46:44,095 - INFO -    페이지 22: 10개 일정 발견
2025-11-04 12:46:44,403 - INFO -    ✅ 저장 완료: cf1d432ddefa8180.json
2025-11-04 12:46:44,403 - INFO -       일정 개수: 10
2025-11-04 12:46:44,403 - INFO -       본문 길이: 506 문자
2025-11-04 12:46:45,803 - INFO -    페이지 23: 10개 일정 발견
2025-11-04 12:46:46,083 - INFO -    ✅ 저장 완료: 6c123d3aeddab0e8.json
2025-11-04 12:46:46,083 - INFO -       일정 개수: 10
2025-11-04 12:46:46,084 - INFO -       본문 길이: 574 문자
2025-11-04 12:46:47,504 - INFO -    페이지 24: 10개 일정 발견
2025-11-04 12:46:47,801 - INFO -    ✅ 저장 완료: 693dc39f1341875f.json
2025-11-04 12:46:47,801 - INFO -       일정 개수: 10
2025-11-04 12:46:47,801 - INFO -       본문 길이: 601 문자
2025-11-04 12:46:49,174 - INFO -    페이지 25: 10개 일정 발견
2025-11-04 12:46:49,490 - INFO -    ✅ 저장 완료: 880559ef7dd29017.json
2025-11-04 12:46:49,490 - INFO -       일정 개수: 10
2025-11-04 12:46:49,490 - INFO -       본문 길이: 585 문자
2025-11-04 12:46:50,853 - INFO -    페이지 26: 10개 일정 발견
2025-11-04 12:46:51,153 - INFO -    ✅ 저장 완료: dd22c38194a10a2a.json
2025-11-04 12:46:51,153 - INFO -       일정 개수: 10
2025-11-04 12:46:51,153 - INFO -       본문 길이: 557 문자
2025-11-04 12:46:52,494 - INFO -    페이지 27: 10개 일정 발견
2025-11-04 12:46:52,803 - INFO -    ✅ 저장 완료: 6a5df4c230dc69c1.json
2025-11-04 12:46:52,803 - INFO -       일정 개수: 10
2025-11-04 12:46:52,803 - INFO -       본문 길이: 528 문자
2025-11-04 12:46:54,153 - INFO -    페이지 28: 10개 일정 발견
2025-11-04 12:46:54,468 - INFO -    ✅ 저장 완료: deaa6106b05469f4.json
2025-11-04 12:46:54,468 - INFO -       일정 개수: 10
2025-11-04 12:46:54,468 - INFO -       본문 길이: 552 문자
2025-11-04 12:46:55,819 - INFO -    페이지 29: 10개 일정 발견
2025-11-04 12:46:56,129 - INFO -    ✅ 저장 완료: c356ba931341939d.json
2025-11-04 12:46:56,129 - INFO -       일정 개수: 10
2025-11-04 12:46:56,129 - INFO -       본문 길이: 557 문자
2025-11-04 12:46:57,522 - INFO -    페이지 30: 10개 일정 발견
2025-11-04 12:46:57,797 - INFO -    ✅ 저장 완료: 432e5c59372471dc.json
2025-11-04 12:46:57,797 - INFO -       일정 개수: 10
2025-11-04 12:46:57,797 - INFO -       본문 길이: 571 문자
2025-11-04 12:46:59,206 - INFO -    페이지 31: 10개 일정 발견
2025-11-04 12:46:59,510 - INFO -    ✅ 저장 완료: 31efacd3cdbdbb48.json
2025-11-04 12:46:59,510 - INFO -       일정 개수: 10
2025-11-04 12:46:59,510 - INFO -       본문 길이: 558 문자
2025-11-04 12:47:00,897 - INFO -    페이지 32: 10개 일정 발견
2025-11-04 12:47:01,503 - INFO -    ✅ 저장 완료: 8635afbd341d5a92.json
2025-11-04 12:47:01,503 - INFO -       일정 개수: 10
2025-11-04 12:47:01,503 - INFO -       본문 길이: 559 문자
2025-11-04 12:47:02,881 - INFO -    페이지 33: 10개 일정 발견
2025-11-04 12:47:03,471 - INFO -    ✅ 저장 완료: cb55e6a250114619.json
2025-11-04 12:47:03,471 - INFO -       일정 개수: 10
2025-11-04 12:47:03,471 - INFO -       본문 길이: 579 문자
2025-11-04 12:47:04,835 - INFO -    페이지 34: 10개 일정 발견
2025-11-04 12:47:05,447 - INFO -    ✅ 저장 완료: e6041db924968c8b.json
2025-11-04 12:47:05,447 - INFO -       일정 개수: 10
2025-11-04 12:47:05,447 - INFO -       본문 길이: 562 문자
2025-11-04 12:47:06,850 - INFO -    페이지 35: 10개 일정 발견
2025-11-04 12:47:07,454 - INFO -    ✅ 저장 완료: 2cbb0ead5d2612a5.json
2025-11-04 12:47:07,454 - INFO -       일정 개수: 10
2025-11-04 12:47:07,454 - INFO -       본문 길이: 510 문자
2025-11-04 12:47:08,839 - INFO -    페이지 36: 10개 일정 발견
2025-11-04 12:47:09,443 - INFO -    ✅ 저장 완료: 8690238ed49f4eb9.json
2025-11-04 12:47:09,444 - INFO -       일정 개수: 10
2025-11-04 12:47:09,444 - INFO -       본문 길이: 552 문자
2025-11-04 12:47:10,906 - INFO -    페이지 37: 10개 일정 발견
2025-11-04 12:47:11,448 - INFO -    ✅ 저장 완료: 25d20947e99c738a.json
2025-11-04 12:47:11,448 - INFO -       일정 개수: 10
2025-11-04 12:47:11,448 - INFO -       본문 길이: 566 문자
2025-11-04 12:47:12,882 - INFO -    페이지 38: 10개 일정 발견
2025-11-04 12:47:13,478 - INFO -    ✅ 저장 완료: 755fb71ab2a4a401.json
2025-11-04 12:47:13,479 - INFO -       일정 개수: 10
2025-11-04 12:47:13,479 - INFO -       본문 길이: 558 문자
2025-11-04 12:47:14,906 - INFO -    페이지 39: 10개 일정 발견
2025-11-04 12:47:15,512 - INFO -    ✅ 저장 완료: ac1c154d206bf26b.json
2025-11-04 12:47:15,512 - INFO -       일정 개수: 10
2025-11-04 12:47:15,512 - INFO -       본문 길이: 522 문자
2025-11-04 12:47:16,913 - INFO -    페이지 40: 10개 일정 발견
2025-11-04 12:47:17,515 - INFO -    ✅ 저장 완료: 22936305a33be2de.json
2025-11-04 12:47:17,515 - INFO -       일정 개수: 10
2025-11-04 12:47:17,515 - INFO -       본문 길이: 557 문자
2025-11-04 12:47:18,893 - INFO -    페이지 41: 5개 일정 발견
2025-11-04 12:47:19,469 - INFO -    ✅ 저장 완료: c61acf74538b244d.json
2025-11-04 12:47:19,469 - INFO -       일정 개수: 5
2025-11-04 12:47:19,469 - INFO -       본문 길이: 270 문자
2025-11-04 12:47:20,815 - INFO -    페이지 42: 일정 없음 - 종료
2025-11-04 12:47:20,815 - INFO - 
✅ 총 41개 리스트 페이지 크롤링 완료
2025-11-04 12:47:21,817 - INFO - 
   🍽️ 식당 메뉴 - 모든 페이지 리스트 크롤링 시작
2025-11-04 12:47:21,817 - INFO - 
🍽️ 식당 메뉴 리스트 크롤링: https://www.kumoh.ac.kr/ko/restaurant01.do
2025-11-04 12:47:22,213 - INFO -    페이지 1: 2개 메뉴 발견
2025-11-04 12:47:22,852 - INFO -    ✅ 저장 완료: 4c45b76c5bfda4ab.json
2025-11-04 12:47:22,853 - INFO -       식당: 교직원식당
2025-11-04 12:47:22,853 - INFO -       메뉴 개수: 2
2025-11-04 12:47:22,853 - INFO -       본문 길이: 258 문자
2025-11-04 12:47:24,291 - INFO -    페이지 2: 2개 메뉴 발견
2025-11-04 12:47:24,910 - INFO -    ✅ 저장 완료: 0dd1dcd2042803ad.json
2025-11-04 12:47:24,910 - INFO -       식당: 교직원식당
2025-11-04 12:47:24,910 - INFO -       메뉴 개수: 2
2025-11-04 12:47:24,910 - INFO -       본문 길이: 258 문자
2025-11-04 12:47:26,316 - INFO -    페이지 3: 2개 메뉴 발견
2025-11-04 12:47:26,943 - INFO -    ✅ 저장 완료: 31a0b9a6c9adb6a8.json
2025-11-04 12:47:26,943 - INFO -       식당: 교직원식당
2025-11-04 12:47:26,943 - INFO -       메뉴 개수: 2
2025-11-04 12:47:26,943 - INFO -       본문 길이: 258 문자
2025-11-04 12:47:31,743 - INFO -    페이지 4: 2개 메뉴 발견
2025-11-04 12:47:32,368 - INFO -    ✅ 저장 완료: 2349d761c260bc2f.json
2025-11-04 12:47:32,368 - INFO -       식당: 교직원식당
2025-11-04 12:47:32,368 - INFO -       메뉴 개수: 2
2025-11-04 12:47:32,368 - INFO -       본문 길이: 258 문자
2025-11-04 12:47:33,772 - INFO -    페이지 5: 2개 메뉴 발견
2025-11-04 12:47:34,386 - INFO -    ✅ 저장 완료: 7549a9b0c80faeae.json
2025-11-04 12:47:34,386 - INFO -       식당: 교직원식당
2025-11-04 12:47:34,386 - INFO -       메뉴 개수: 2
2025-11-04 12:47:34,386 - INFO -       본문 길이: 258 문자
2025-11-04 12:47:40,795 - INFO -    페이지 6: 2개 메뉴 발견
2025-11-04 12:47:41,426 - INFO -    ✅ 저장 완료: d2756424c96c3a7c.json
2025-11-04 12:47:41,427 - INFO -       식당: 교직원식당
2025-11-04 12:47:41,427 - INFO -       메뉴 개수: 2
2025-11-04 12:47:41,427 - INFO -       본문 길이: 258 문자
2025-11-04 12:47:43,147 - INFO -    페이지 7: 2개 메뉴 발견
2025-11-04 12:47:43,759 - INFO -    ✅ 저장 완료: 9ba1e93b632d10f0.json
2025-11-04 12:47:43,759 - INFO -       식당: 교직원식당
2025-11-04 12:47:43,759 - INFO -       메뉴 개수: 2
2025-11-04 12:47:43,759 - INFO -       본문 길이: 258 문자
2025-11-04 12:47:45,138 - INFO -    페이지 8: 2개 메뉴 발견
2025-11-04 12:47:45,689 - INFO -    ✅ 저장 완료: 9047cbe5959c5803.json
2025-11-04 12:47:45,689 - INFO -       식당: 교직원식당
2025-11-04 12:47:45,689 - INFO -       메뉴 개수: 2
2025-11-04 12:47:45,689 - INFO -       본문 길이: 258 문자
2025-11-04 12:47:48,593 - INFO -    페이지 9: 2개 메뉴 발견
2025-11-04 12:47:49,199 - INFO -    ✅ 저장 완료: e0b446087b1efce2.json
2025-11-04 12:47:49,199 - INFO -       식당: 교직원식당
2025-11-04 12:47:49,199 - INFO -       메뉴 개수: 2
2025-11-04 12:47:49,199 - INFO -       본문 길이: 258 문자
2025-11-04 12:47:51,991 - INFO -    페이지 10: 2개 메뉴 발견
2025-11-04 12:47:52,611 - INFO -    ✅ 저장 완료: ebad5dd2d7a55090.json
2025-11-04 12:47:52,612 - INFO -       식당: 교직원식당
2025-11-04 12:47:52,612 - INFO -       메뉴 개수: 2
2025-11-04 12:47:52,612 - INFO -       본문 길이: 258 문자
2025-11-04 12:47:56,227 - INFO -    페이지 11: 2개 메뉴 발견
2025-11-04 12:47:56,838 - INFO -    ✅ 저장 완료: 3c2cdfdfa1ad5851.json
2025-11-04 12:47:56,838 - INFO -       식당: 교직원식당
2025-11-04 12:47:56,838 - INFO -       메뉴 개수: 2
2025-11-04 12:47:56,838 - INFO -       본문 길이: 258 문자
2025-11-04 12:48:04,467 - INFO -    페이지 12: 2개 메뉴 발견
2025-11-04 12:48:05,097 - INFO -    ✅ 저장 완료: c72bd30b258102a2.json
2025-11-04 12:48:05,097 - INFO -       식당: 교직원식당
2025-11-04 12:48:05,098 - INFO -       메뉴 개수: 2
2025-11-04 12:48:05,098 - INFO -       본문 길이: 258 문자
2025-11-04 12:48:06,533 - INFO -    페이지 13: 2개 메뉴 발견
2025-11-04 12:48:07,104 - INFO -    ✅ 저장 완료: 39ccb118460e8566.json
2025-11-04 12:48:07,104 - INFO -       식당: 교직원식당
2025-11-04 12:48:07,104 - INFO -       메뉴 개수: 2
2025-11-04 12:48:07,104 - INFO -       본문 길이: 258 문자
2025-11-04 12:48:08,495 - INFO -    페이지 14: 2개 메뉴 발견
2025-11-04 12:48:08,982 - INFO -    ✅ 저장 완료: 0c602749569d3935.json
2025-11-04 12:48:08,982 - INFO -       식당: 교직원식당
2025-11-04 12:48:08,982 - INFO -       메뉴 개수: 2
2025-11-04 12:48:08,982 - INFO -       본문 길이: 258 문자
2025-11-04 12:48:11,683 - INFO -    페이지 15: 2개 메뉴 발견
2025-11-04 12:48:12,281 - INFO -    ✅ 저장 완료: 18f0ef1e30d367f8.json
2025-11-04 12:48:12,281 - INFO -       식당: 교직원식당
2025-11-04 12:48:12,281 - INFO -       메뉴 개수: 2
2025-11-04 12:48:12,281 - INFO -       본문 길이: 258 문자
2025-11-04 12:48:16,649 - INFO -    페이지 16: 2개 메뉴 발견
2025-11-04 12:48:17,276 - INFO -    ✅ 저장 완료: 0c91b0b87a873d08.json
2025-11-04 12:48:17,276 - INFO -       식당: 교직원식당
2025-11-04 12:48:17,276 - INFO -       메뉴 개수: 2
2025-11-04 12:48:17,276 - INFO -       본문 길이: 258 문자
2025-11-04 12:48:20,161 - INFO -    페이지 17: 2개 메뉴 발견
2025-11-04 12:48:20,766 - INFO -    ✅ 저장 완료: 5e1dabf36508948c.json
2025-11-04 12:48:20,766 - INFO -       식당: 교직원식당
2025-11-04 12:48:20,766 - INFO -       메뉴 개수: 2
2025-11-04 12:48:20,766 - INFO -       본문 길이: 258 문자
2025-11-04 12:48:31,939 - INFO -    페이지 18: 2개 메뉴 발견
2025-11-04 12:48:32,558 - INFO -    ✅ 저장 완료: 73c268e57a925e3a.json
2025-11-04 12:48:32,558 - INFO -       식당: 교직원식당
2025-11-04 12:48:32,558 - INFO -       메뉴 개수: 2
2025-11-04 12:48:32,559 - INFO -       본문 길이: 258 문자
2025-11-04 12:48:35,684 - INFO -    페이지 19: 2개 메뉴 발견
2025-11-04 12:48:36,292 - INFO -    ✅ 저장 완료: 32de3300b439321e.json
2025-11-04 12:48:36,292 - INFO -       식당: 교직원식당
2025-11-04 12:48:36,292 - INFO -       메뉴 개수: 2
2025-11-04 12:48:36,292 - INFO -       본문 길이: 258 문자
2025-11-04 12:48:39,931 - INFO -    페이지 20: 2개 메뉴 발견
2025-11-04 12:48:40,481 - INFO -    ✅ 저장 완료: e3ffa9524421a553.json
2025-11-04 12:48:40,481 - INFO -       식당: 교직원식당
2025-11-04 12:48:40,481 - INFO -       메뉴 개수: 2
2025-11-04 12:48:40,481 - INFO -       본문 길이: 258 문자
2025-11-04 12:48:44,500 - INFO -    페이지 21: 2개 메뉴 발견
2025-11-04 12:48:45,099 - INFO -    ✅ 저장 완료: 31a2e62db5bd2c80.json
2025-11-04 12:48:45,100 - INFO -       식당: 교직원식당
2025-11-04 12:48:45,100 - INFO -       메뉴 개수: 2
2025-11-04 12:48:45,100 - INFO -       본문 길이: 258 문자
2025-11-04 12:48:48,693 - INFO -    페이지 22: 2개 메뉴 발견
2025-11-04 12:48:49,310 - INFO -    ✅ 저장 완료: c5e462b1dc47ddd5.json
2025-11-04 12:48:49,310 - INFO -       식당: 교직원식당
2025-11-04 12:48:49,310 - INFO -       메뉴 개수: 2
2025-11-04 12:48:49,310 - INFO -       본문 길이: 258 문자
2025-11-04 12:48:51,344 - INFO -    페이지 23: 2개 메뉴 발견
2025-11-04 12:48:51,954 - INFO -    ✅ 저장 완료: ec812c9f3956643f.json
2025-11-04 12:48:51,954 - INFO -       식당: 교직원식당
2025-11-04 12:48:51,954 - INFO -       메뉴 개수: 2
2025-11-04 12:48:51,954 - INFO -       본문 길이: 258 문자
2025-11-04 12:48:58,370 - INFO -    페이지 24: 2개 메뉴 발견
2025-11-04 12:48:59,006 - INFO -    ✅ 저장 완료: 8eb58ff64789c8d9.json
2025-11-04 12:48:59,006 - INFO -       식당: 교직원식당
2025-11-04 12:48:59,006 - INFO -       메뉴 개수: 2
2025-11-04 12:48:59,006 - INFO -       본문 길이: 258 문자
